<?xml version="1.0" encoding="UTF-8"?>
<!-- Generated by org.testng.reporters.JUnitXMLReporter -->
<testsuite ignored="0" hostname="LAPTOP-AJ8GQ0SL" failures="0" tests="2" name="Error Validations Test" time="21.569" errors="0" timestamp="2023-09-26T09:30:36 IST">
  <testcase classname="rahulshettyacademy.tests.ErrorValidationsTest" name="LoginErrorValidation" time="0.668"/>
  <testcase classname="rahulshettyacademy.tests.ErrorValidationsTest" name="ProductErrorValidation" time="12.261"/>
</testsuite> <!-- Error Validations Test -->
